<?xml version="1.0" encoding="utf-8" standalone="no"?>
<!--This file represents the results of running a test suite-->
<test-results name="C:\Users\mike\Projects\zaz\Zaz.nunit" total="21" errors="0" failures="0" not-run="0" inconclusive="0" ignored="0" skipped="0" invalid="0" date="2011-11-18" time="00:28:03">
  <environment nunit-version="2.5.10.11092" clr-version="2.0.50727.6101" os-version="Microsoft Windows NT 6.2.8102.0" platform="Win32NT" cwd="C:\Users\mike\Projects\zaz\packages\NUnit.2.5.10.11092\tools" machine-name="CHALIY-M" user="mike" user-domain="CHALIY-M" />
  <culture-info current-culture="en-US" current-uiculture="en-US" />
  <test-suite type="Project" name="C:\Users\mike\Projects\zaz\Zaz.nunit" executed="True" result="Success" success="True" time="16.949" asserts="0">
    <results>
      <test-suite type="Assembly" name="C:\Users\mike\Projects\zaz\src\Tests\bin\Debug\ZazTests.dll" executed="True" result="Success" success="True" time="16.949" asserts="0">
        <results>
          <test-suite type="Namespace" name="Zaz" executed="True" result="Success" success="True" time="16.946" asserts="0">
            <results>
              <test-suite type="Namespace" name="Tests" executed="True" result="Success" success="True" time="16.946" asserts="0">
                <results>
                  <test-suite type="Namespace" name="Integration" executed="True" result="Success" success="True" time="13.827" asserts="0">
                    <results>
                      <test-suite type="TestFixture" name="When_connecting_to_server" executed="True" result="Success" success="True" time="0.065" asserts="0">
                        <results>
                          <test-case name="Zaz.Tests.Integration.When_connecting_to_server.Should_return_home_page" executed="True" result="Success" success="True" time="0.047" asserts="0" />
                          <test-case name="Zaz.Tests.Integration.When_connecting_to_server.Should_return_home_page_by_url" executed="True" result="Success" success="True" time="0.002" asserts="0" />
                        </results>
                      </test-suite>
                      <test-suite type="TestFixture" name="When_posting_command_to_server" executed="True" result="Success" success="True" time="10.151" asserts="0">
                        <results>
                          <test-case name="Zaz.Tests.Integration.When_posting_command_to_server.Should_successfully_send_command" executed="True" result="Success" success="True" time="10.123" asserts="0" />
                        </results>
                      </test-suite>
                      <test-suite type="TestFixture" name="When_posting_huge_command_to_server" executed="True" result="Success" success="True" time="0.468" asserts="0">
                        <results>
                          <test-case name="Zaz.Tests.Integration.When_posting_huge_command_to_server.Should_successfully_send_command" executed="True" result="Success" success="True" time="0.455" asserts="0" />
                        </results>
                      </test-suite>
                      <test-suite type="TestFixture" name="When_posting_long_command_to_server" executed="True" result="Success" success="True" time="3.129" asserts="0">
                        <results>
                          <test-case name="Zaz.Tests.Integration.When_posting_long_command_to_server.Should_successfully_send_command" executed="True" result="Success" success="True" time="3.120" asserts="0" />
                        </results>
                      </test-suite>
                    </results>
                  </test-suite>
                  <test-suite type="Namespace" name="Server" executed="True" result="Success" success="True" time="3.110" asserts="0">
                    <results>
                      <test-suite type="Namespace" name="Service" executed="True" result="Success" success="True" time="0.127" asserts="0">
                        <results>
                          <test-suite type="TestFixture" name="When_resolving_command" executed="True" result="Success" success="True" time="0.127" asserts="0">
                            <results>
                              <test-case name="Zaz.Tests.Server.Service.When_resolving_command.Should_fail_to_resolve_if_more_then_one" executed="True" result="Success" success="True" time="0.022" asserts="0" />
                              <test-case name="Zaz.Tests.Server.Service.When_resolving_command.Should_fail_to_resolve_if_nothing_is_matched" executed="True" result="Success" success="True" time="0.017" asserts="0" />
                              <test-case name="Zaz.Tests.Server.Service.When_resolving_command.Should_resolve_by_alias" executed="True" result="Success" success="True" time="0.018" asserts="0" />
                              <test-case name="Zaz.Tests.Server.Service.When_resolving_command.Should_resolve_by_key" executed="True" result="Success" success="True" time="0.003" asserts="0" />
                              <test-case name="Zaz.Tests.Server.Service.When_resolving_command.Should_resolve_by_key_and_igonore_case" executed="True" result="Success" success="True" time="0.004" asserts="0" />
                              <test-case name="Zaz.Tests.Server.Service.When_resolving_command.Should_resolve_by_part_of_the_key" executed="True" result="Success" success="True" time="0.010" asserts="0" />
                              <test-case name="Zaz.Tests.Server.Service.When_resolving_command.Should_resolve_by_part_of_the_key_and_ignore_case" executed="True" result="Success" success="True" time="0.010" asserts="0" />
                              <test-case name="Zaz.Tests.Server.Service.When_resolving_command.Should_resolve_when_both_alias_and_key_matches" executed="True" result="Success" success="True" time="0.007" asserts="0" />
                            </results>
                          </test-suite>
                        </results>
                      </test-suite>
                      <test-suite type="TestFixture" name="When_access_to_endpoint" executed="True" result="Success" success="True" time="0.010" asserts="0">
                        <results>
                          <test-case name="Zaz.Tests.Server.When_access_to_endpoint.Should_return_message" executed="True" result="Success" success="True" time="0.003" asserts="0" />
                          <test-case name="Zaz.Tests.Server.When_access_to_endpoint.Should_return_result" executed="True" result="Success" success="True" time="0.002" asserts="0" />
                        </results>
                      </test-suite>
                      <test-suite type="TestFixture" name="When_posting_json_command" executed="True" result="Success" success="True" time="2.027" asserts="0">
                        <results>
                          <test-case name="Zaz.Tests.Server.When_posting_json_command.Should_accept_command" executed="True" result="Success" success="True" time="0.003" asserts="0" />
                          <test-case name="Zaz.Tests.Server.When_posting_json_command.Should_post_command" executed="True" result="Success" success="True" time="0.010" asserts="0" />
                          <test-case name="Zaz.Tests.Server.When_posting_json_command.Should_post_correctly_deserialized_command" executed="True" result="Success" success="True" time="0.001" asserts="0" />
                        </results>
                      </test-suite>
                      <test-suite type="TestFixture" name="When_posting_legacy_form_url_encoded_command" executed="True" result="Success" success="True" time="0.919" asserts="0">
                        <results>
                          <test-case name="Zaz.Tests.Server.When_posting_legacy_form_url_encoded_command.Should_accept_command" executed="True" result="Success" success="True" time="0.000" asserts="0" />
                          <test-case name="Zaz.Tests.Server.When_posting_legacy_form_url_encoded_command.Should_post_command" executed="True" result="Success" success="True" time="0.001" asserts="0" />
                          <test-case name="Zaz.Tests.Server.When_posting_legacy_form_url_encoded_command.Should_post_correctly_deserialized_command" executed="True" result="Success" success="True" time="0.001" asserts="0" />
                        </results>
                      </test-suite>
                    </results>
                  </test-suite>
                </results>
              </test-suite>
            </results>
          </test-suite>
        </results>
      </test-suite>
    </results>
  </test-suite>
</test-results>