<?xml version="1.0" encoding="utf-8" standalone="no"?>
<!--This file represents the results of running a test suite-->
<test-results name="C:\Users\mike\Projects\zaz\Zaz.nunit" total="25" errors="0" failures="0" not-run="0" inconclusive="0" ignored="0" skipped="0" invalid="0" date="2011-11-20" time="18:37:49">
  <environment nunit-version="2.5.10.11092" clr-version="2.0.50727.6101" os-version="Microsoft Windows NT 6.2.8102.0" platform="Win32NT" cwd="C:\Users\mike\Projects\zaz" machine-name="CHALIY-M" user="mike" user-domain="CHALIY-M" />
  <culture-info current-culture="en-US" current-uiculture="en-US" />
  <test-suite type="Project" name="C:\Users\mike\Projects\zaz\Zaz.nunit" executed="True" result="Success" success="True" time="29.765" asserts="0">
    <results>
      <test-suite type="Assembly" name="C:\Users\mike\Projects\zaz\src\Tests\bin\Debug\ZazTests.dll" executed="True" result="Success" success="True" time="29.749" asserts="0">
        <results>
          <test-suite type="Namespace" name="Zaz" executed="True" result="Success" success="True" time="29.749" asserts="0">
            <results>
              <test-suite type="Namespace" name="Tests" executed="True" result="Success" success="True" time="29.749" asserts="0">
                <results>
                  <test-suite type="Namespace" name="Integration" executed="True" result="Success" success="True" time="25.506" asserts="0">
                    <results>
                      <test-suite type="Namespace" name="Security" executed="True" result="Success" success="True" time="10.109" asserts="0">
                        <results>
                          <test-suite type="TestFixture" name="When_posting_command_to_server_with_basic_auth" executed="True" result="Success" success="True" time="10.046" asserts="0">
                            <results>
                              <test-case name="Zaz.Tests.Integration.Security.When_posting_command_to_server_with_basic_auth.Should_be_authenticated" executed="True" result="Success" success="True" time="0.094" asserts="0" />
                              <test-case name="Zaz.Tests.Integration.Security.When_posting_command_to_server_with_basic_auth.Should_be_authenticated_with_correct_user" executed="True" result="Success" success="True" time="0.000" asserts="0" />
                              <test-case name="Zaz.Tests.Integration.Security.When_posting_command_to_server_with_basic_auth.Should_successfully_send_command" executed="True" result="Success" success="True" time="0.000" asserts="0" />
                            </results>
                          </test-suite>
                          <test-suite type="TestFixture" name="When_posting_command_to_server_with_basic_auth_unauth" executed="True" result="Success" success="True" time="0.047" asserts="0">
                            <results>
                              <test-case name="Zaz.Tests.Integration.Security.When_posting_command_to_server_with_basic_auth_unauth.Should_successfully_send_command" executed="True" result="Success" success="True" time="0.031" asserts="0" />
                            </results>
                          </test-suite>
                        </results>
                      </test-suite>
                      <test-suite type="TestFixture" name="When_connecting_to_server" executed="True" result="Success" success="True" time="0.125" asserts="0">
                        <results>
                          <test-case name="Zaz.Tests.Integration.When_connecting_to_server.Should_return_home_page" executed="True" result="Success" success="True" time="0.094" asserts="0" />
                          <test-case name="Zaz.Tests.Integration.When_connecting_to_server.Should_return_home_page_by_url" executed="True" result="Success" success="True" time="0.016" asserts="0" />
                        </results>
                      </test-suite>
                      <test-suite type="TestFixture" name="When_posting_command_to_server" executed="True" result="Success" success="True" time="10.624" asserts="0">
                        <results>
                          <test-case name="Zaz.Tests.Integration.When_posting_command_to_server.Should_successfully_send_command" executed="True" result="Success" success="True" time="10.483" asserts="0" />
                        </results>
                      </test-suite>
                      <test-suite type="TestFixture" name="When_posting_huge_command_to_server" executed="True" result="Success" success="True" time="1.420" asserts="0">
                        <results>
                          <test-case name="Zaz.Tests.Integration.When_posting_huge_command_to_server.Should_successfully_send_command" executed="True" result="Success" success="True" time="1.404" asserts="0" />
                        </results>
                      </test-suite>
                      <test-suite type="TestFixture" name="When_posting_long_command_to_server" executed="True" result="Success" success="True" time="3.214" asserts="0">
                        <results>
                          <test-case name="Zaz.Tests.Integration.When_posting_long_command_to_server.Should_successfully_send_command" executed="True" result="Success" success="True" time="3.214" asserts="0" />
                        </results>
                      </test-suite>
                    </results>
                  </test-suite>
                  <test-suite type="Namespace" name="Server" executed="True" result="Success" success="True" time="4.228" asserts="0">
                    <results>
                      <test-suite type="Namespace" name="Service" executed="True" result="Success" success="True" time="0.094" asserts="0">
                        <results>
                          <test-suite type="TestFixture" name="When_resolving_command" executed="True" result="Success" success="True" time="0.094" asserts="0">
                            <results>
                              <test-case name="Zaz.Tests.Server.Service.When_resolving_command.Should_fail_to_resolve_if_more_then_one" executed="True" result="Success" success="True" time="0.016" asserts="0" />
                              <test-case name="Zaz.Tests.Server.Service.When_resolving_command.Should_fail_to_resolve_if_nothing_is_matched" executed="True" result="Success" success="True" time="0.016" asserts="0" />
                              <test-case name="Zaz.Tests.Server.Service.When_resolving_command.Should_resolve_by_alias" executed="True" result="Success" success="True" time="0.016" asserts="0" />
                              <test-case name="Zaz.Tests.Server.Service.When_resolving_command.Should_resolve_by_key" executed="True" result="Success" success="True" time="0.000" asserts="0" />
                              <test-case name="Zaz.Tests.Server.Service.When_resolving_command.Should_resolve_by_key_and_igonore_case" executed="True" result="Success" success="True" time="0.000" asserts="0" />
                              <test-case name="Zaz.Tests.Server.Service.When_resolving_command.Should_resolve_by_part_of_the_key" executed="True" result="Success" success="True" time="0.000" asserts="0" />
                              <test-case name="Zaz.Tests.Server.Service.When_resolving_command.Should_resolve_by_part_of_the_key_and_ignore_case" executed="True" result="Success" success="True" time="0.016" asserts="0" />
                              <test-case name="Zaz.Tests.Server.Service.When_resolving_command.Should_resolve_when_both_alias_and_key_matches" executed="True" result="Success" success="True" time="0.016" asserts="0" />
                            </results>
                          </test-suite>
                        </results>
                      </test-suite>
                      <test-suite type="TestFixture" name="When_access_to_endpoint" executed="True" result="Success" success="True" time="0.016" asserts="0">
                        <results>
                          <test-case name="Zaz.Tests.Server.When_access_to_endpoint.Should_return_message" executed="True" result="Success" success="True" time="0.016" asserts="0" />
                          <test-case name="Zaz.Tests.Server.When_access_to_endpoint.Should_return_result" executed="True" result="Success" success="True" time="0.000" asserts="0" />
                        </results>
                      </test-suite>
                      <test-suite type="TestFixture" name="When_posting_json_command" executed="True" result="Success" success="True" time="3.323" asserts="0">
                        <results>
                          <test-case name="Zaz.Tests.Server.When_posting_json_command.Should_accept_command" executed="True" result="Success" success="True" time="0.000" asserts="0" />
                          <test-case name="Zaz.Tests.Server.When_posting_json_command.Should_post_command" executed="True" result="Success" success="True" time="0.016" asserts="0" />
                          <test-case name="Zaz.Tests.Server.When_posting_json_command.Should_post_correctly_deserialized_command" executed="True" result="Success" success="True" time="0.000" asserts="0" />
                        </results>
                      </test-suite>
                      <test-suite type="TestFixture" name="When_posting_legacy_form_url_encoded_command" executed="True" result="Success" success="True" time="0.796" asserts="0">
                        <results>
                          <test-case name="Zaz.Tests.Server.When_posting_legacy_form_url_encoded_command.Should_accept_command" executed="True" result="Success" success="True" time="0.000" asserts="0" />
                          <test-case name="Zaz.Tests.Server.When_posting_legacy_form_url_encoded_command.Should_post_command" executed="True" result="Success" success="True" time="0.000" asserts="0" />
                          <test-case name="Zaz.Tests.Server.When_posting_legacy_form_url_encoded_command.Should_post_correctly_deserialized_command" executed="True" result="Success" success="True" time="0.000" asserts="0" />
                        </results>
                      </test-suite>
                    </results>
                  </test-suite>
                </results>
              </test-suite>
            </results>
          </test-suite>
        </results>
      </test-suite>
    </results>
  </test-suite>
</test-results>